^!/!<lcat:punc>$
^"/"<lcat:punc>$
^'/'<lcat:punc>$
^(/(<lcat:punc>$
^(/(<lcat:punc>$^(/(<lcat:punc>$
^)/)<lcat:punc>$
^)/)<lcat:punc>$^)/)<lcat:punc>$
^*/*<lcat:punc>$
^,/,<lcat:punc>$
-
^./.<lcat:punc>$
^0/0<lcat:num>$
^0.025/0.025<lcat:num>$
^0.05/0.05<lcat:num>$
^0.3/0.3<lcat:num>$
^00/00<lcat:num>$
^000/000<lcat:num>$
^01/01<lcat:num>$
^06/06<lcat:num>$
^076/076<lcat:num>$
^09/09<lcat:num>$
^1/1<lcat:num>$
^1.2/1.2<lcat:num>$
^1.25/1.25<lcat:num>$
^1.5/1.5<lcat:num>$
^10/10<lcat:num>$
^100/100<lcat:num>$
^1000/1000<lcat:num>$
^1025/1025<lcat:num>$
^105/105<lcat:num>$
^107/107<lcat:num>$
^11/11<lcat:num>$
^1100/1100<lcat:num>$
^113/113<lcat:num>$
^11391/11391<lcat:num>$
^1142/1142<lcat:num>$
^117/117<lcat:num>$
^1176/1176<lcat:num>$
^1182/1182<lcat:num>$
^12/12<lcat:num>$
^1200/1200<lcat:num>$
^121/121<lcat:num>$
^124/124<lcat:num>$
^125/125<lcat:num>$
^13/13<lcat:num>$
^130/130<lcat:num>$
^1300/1300<lcat:num>$
^1336/1336<lcat:num>$
^1347/1347<lcat:num>$
^14/14<lcat:num>$
^140/140<lcat:num>$
^1461/1461<lcat:num>$
^149/149<lcat:num>$
^14/14<lcat:num>$^va/va<lcat:avy>$
^15/15<lcat:num>$
^150/150<lcat:num>$
^1500/1500<lcat:num>$
^1538/1538<lcat:num>$
^1561/1561<lcat:num>$
^16/16<lcat:num>$
^160/160<lcat:num>$
^1600/1600<lcat:num>$
^1616/1616<lcat:num>$
^1650/1650<lcat:num>$
^17/17<lcat:num>$
^173/173<lcat:num>$
^1757/1757<lcat:num>$
^17626/17626<lcat:num>$
^1766/1766<lcat:num>$
^1794/1794<lcat:num>$
^18/18<lcat:num>$
^1800/1800<lcat:num>$
^1859/1859<lcat:num>$
^1871/1871<lcat:num>$
^1892/1892<lcat:num>$
^19/19<lcat:num>$
^1904/1904<lcat:num>$
^1913/1913<lcat:num>$
^1920/1920<lcat:num>$
^1922/1922<lcat:num>$
^1930/1930<lcat:num>$
^1933/1933<lcat:num>$
^1947/1947<lcat:num>$^lo/lo<lcat:avy>$
^1948/1948<lcat:num>$
^1950/1950<lcat:num>$
^1953/1953<lcat:num>$
^1956/1956<lcat:num>$
^1961/1961<lcat:num>$
^1969/1969<lcat:num>$^va/va<lcat:avy>$
^1978/1978<lcat:num>$^va/va<lcat:avy>$
^1979/1979<lcat:num>$
^1988/1988<lcat:num>$
^1991/1991<lcat:num>$
^19/19<lcat:num>$^va/va<lcat:avy>$
^1/1<lcat:num>$_^50/50<lcat:num>$
^1/1<lcat:num>$^va/va<lcat:avy>$
^2/2<lcat:num>$
^2.0/2.0<lcat:num>$
^20/20<lcat:num>$
^200/200<lcat:num>$
^2000/2000<lcat:num>$
^2000/2000<lcat:num>$^va/va<lcat:avy>$
^2020/2020<lcat:num>$^va/va<lcat:avy>$
^20/20<lcat:num>$^ki/ki<lcat:avy>$
^21/21<lcat:num>$
^22/22<lcat:num>$
^23/23<lcat:num>$
^24/24<lcat:num>$
^25/25<lcat:num>$
^250/250<lcat:num>$
^26/26<lcat:num>$
^26/26<lcat:num>$^va/va<lcat:avy>$
^27/27<lcat:num>$
^28/28<lcat:num>$
^29/29<lcat:num>$
^3/3<lcat:num>$
^30/30<lcat:num>$
^300/300<lcat:num>$
^30/30<lcat:num>$^rU/rU<lcat:avy>$
^31/31<lcat:num>$
^318/318<lcat:num>$
^32/32<lcat:num>$
^321/321<lcat:num>$
^34/34<lcat:num>$
^35/35<lcat:num>$
^36/36<lcat:num>$
^365/365<lcat:num>$
^37/37<lcat:num>$
^38/38<lcat:num>$
^395/395<lcat:num>$
^4/4<lcat:num>$
^40/40<lcat:num>$
^400/400<lcat:num>$
^41/41<lcat:num>$
^42/42<lcat:num>$
^420/420<lcat:num>$
^43/43<lcat:num>$
^44/44<lcat:num>$
^45/45<lcat:num>$
^46/46<lcat:num>$
^47/47<lcat:num>$
^48/48<lcat:num>$
^48/48<lcat:num>$_^1/1<lcat:num>$
^4va/4va<lcat:noun><gen:any><num:sg><per:3><cm:0><suffix:0>/4va<lcat:noun><gen:any><num:sg><per:3><cm:obl><suffix:obl>$
^5/5<lcat:num>$
^50/50<lcat:num>$
^500/500<lcat:num>$
^500001/500001<lcat:num>$
^500002/500002<lcat:num>$
^50/50<lcat:num>$^pE/pE<lcat:adj><gen:any><num:any><per:any><cm:0_adj><suffix:0_adj>$
^51/51<lcat:num>$
^52/52<lcat:num>$
^53/53<lcat:num>$
^54/54<lcat:num>$
^55/55<lcat:num>$
^56/56<lcat:num>$
^560/560<lcat:num>$
^57/57<lcat:num>$
^58/58<lcat:num>$
^5837/5837<lcat:num>$
^59/59<lcat:num>$
^5/5<lcat:num>$^va/va<lcat:avy>$
^6/6<lcat:num>$
^60/60<lcat:num>$
^600/600<lcat:num>$
^63/63<lcat:num>$
^64/64<lcat:num>$
^65/65<lcat:num>$
^6539/6539<lcat:num>$
^67/67<lcat:num>$
^68/68<lcat:num>$
^7/7<lcat:num>$
^70/70<lcat:num>$
^713/713<lcat:num>$
^72/72<lcat:num>$
^75/75<lcat:num>$
^750/750<lcat:num>$
^751/751<lcat:num>$
^754/754<lcat:num>$
^76/76<lcat:num>$
^78/78<lcat:num>$
^79/79<lcat:num>$
^8/8<lcat:num>$
^80/80<lcat:num>$
^813/813<lcat:num>$
^82/82<lcat:num>$
^820/820<lcat:num>$
^83/83<lcat:num>$
^838/838<lcat:num>$
^84/84<lcat:num>$
^850/850<lcat:num>$
^88/88<lcat:num>$
^89/89<lcat:num>$
^9/9<lcat:num>$
^90/90<lcat:num>$
^91/91<lcat:num>$
^92/92<lcat:num>$
^920/920<lcat:num>$
^927/927<lcat:num>$
^93/93<lcat:num>$
^932/932<lcat:num>$
^94/94<lcat:num>$
^940/940<lcat:num>$
^943/943<lcat:num>$
^949/949<lcat:num>$
^955/955<lcat:num>$
^98/98<lcat:num>$
^9/9<lcat:num>$^va/va<lcat:avy>$
^:/:<lcat:punc>$
^;/;<lcat:punc>$
^?/?<lcat:punc>$
